<?xml version="1.0" encoding="UTF-8"?>
<robot generator="Robot 4.1.2 (Python 3.9.0 on win32)" generated="20211121 00:50:23.855" rpa="false" schemaversion="2">
<suite id="s1" name="Testi" source="C:\Users\Nikok\RobotFramework\Tests\Testi.robot">
<kw name="Test Suite Setup" library="Testi" type="SETUP">
<kw name="Open Browser" library="QWeb">
<arg>about:blank</arg>
<arg>${BROWSER}</arg>
<tag>Browser</tag>
<tag>Interaction</tag>
<doc>Open new browser to given url.</doc>
<msg timestamp="20211121 00:50:24.395" level="INFO">
QWeb version number: 1.2.2</msg>
<msg timestamp="20211121 00:50:25.568" level="INFO">Browser: chrome</msg>
<msg timestamp="20211121 00:50:25.568" level="INFO">Browser version: 96.0.4664.45</msg>
<msg timestamp="20211121 00:50:25.568" level="INFO">Chromedriver version: 96.0.4664.45 (76e4c1bb2ab4671b8beba3444e61c0f17584b2fc-refs/branch-heads/4664@{#947})</msg>
<status status="PASS" starttime="20211121 00:50:24.394" endtime="20211121 00:50:25.585"/>
</kw>
<kw name="Set Config" library="QWeb">
<arg>SearchMode</arg>
<arg>draw</arg>
<tag>Config</tag>
<doc>Set configuration parameter to given value. Return previous value.</doc>
<status status="PASS" starttime="20211121 00:50:25.586" endtime="20211121 00:50:25.586"/>
</kw>
<kw name="Set Config" library="QWeb">
<arg>Delay</arg>
<arg>${DELAY}</arg>
<tag>Config</tag>
<doc>Set configuration parameter to given value. Return previous value.</doc>
<status status="PASS" starttime="20211121 00:50:25.586" endtime="20211121 00:50:25.586"/>
</kw>
<status status="PASS" starttime="20211121 00:50:24.394" endtime="20211121 00:50:25.586"/>
</kw>
<test id="s1-t1" name="Swaglabsin etusivu avautuu">
<kw name="Siirrytään swaglabsin etusivulle" library="Testi">
<kw name="Go To" library="QWeb">
<arg>${swaglabs_url}</arg>
<tag>Browser</tag>
<tag>Interaction</tag>
<doc>Switch current page to given url.</doc>
<status status="PASS" starttime="20211121 00:50:25.587" endtime="20211121 00:50:26.762"/>
</kw>
<status status="PASS" starttime="20211121 00:50:25.587" endtime="20211121 00:50:26.763"/>
</kw>
<kw name="Varmistetaan oikea sivu" library="Testi">
<kw name="Verify Text" library="QWeb">
<arg>Accepted usernames</arg>
<tag>Text</tag>
<tag>Verification</tag>
<doc>Verify page contains given text.</doc>
<status status="PASS" starttime="20211121 00:50:26.764" endtime="20211121 00:50:27.825"/>
</kw>
<status status="PASS" starttime="20211121 00:50:26.763" endtime="20211121 00:50:27.825"/>
</kw>
<status status="PASS" starttime="20211121 00:50:25.586" endtime="20211121 00:50:27.826"/>
</test>
<test id="s1-t2" name="Kirjaudutaan sisään">
<kw name="Login" library="Testi">
<kw name="Type Text" library="QWeb">
<arg>Username</arg>
<arg>standard_user</arg>
<tag>Input</tag>
<tag>Interaction</tag>
<doc>Type given text to a text field.</doc>
<status status="PASS" starttime="20211121 00:50:27.827" endtime="20211121 00:50:28.907"/>
</kw>
<kw name="Type Text" library="QWeb">
<arg>Password</arg>
<arg>secret_sauce</arg>
<tag>Input</tag>
<tag>Interaction</tag>
<doc>Type given text to a text field.</doc>
<status status="PASS" starttime="20211121 00:50:28.907" endtime="20211121 00:50:29.978"/>
</kw>
<kw name="Click Text" library="QWeb">
<arg>LOGIN</arg>
<tag>Interaction</tag>
<tag>Text</tag>
<doc>Click text on web page.</doc>
<status status="PASS" starttime="20211121 00:50:29.978" endtime="20211121 00:50:31.056"/>
</kw>
<status status="PASS" starttime="20211121 00:50:27.827" endtime="20211121 00:50:31.056"/>
</kw>
<status status="PASS" starttime="20211121 00:50:27.827" endtime="20211121 00:50:31.057"/>
</test>
<test id="s1-t3" name="laitetaan tuote koriin">
<kw name="Add product to cart" library="Testi">
<kw name="Click Text" library="QWeb">
<arg>Sauce Labs Backpack</arg>
<tag>Interaction</tag>
<tag>Text</tag>
<doc>Click text on web page.</doc>
<status status="PASS" starttime="20211121 00:50:31.058" endtime="20211121 00:50:32.107"/>
</kw>
<kw name="Click Text" library="QWeb">
<arg>ADD TO CART</arg>
<tag>Interaction</tag>
<tag>Text</tag>
<doc>Click text on web page.</doc>
<status status="PASS" starttime="20211121 00:50:32.107" endtime="20211121 00:50:33.158"/>
</kw>
<status status="PASS" starttime="20211121 00:50:31.058" endtime="20211121 00:50:33.158"/>
</kw>
<status status="PASS" starttime="20211121 00:50:31.057" endtime="20211121 00:50:33.159"/>
</test>
<test id="s1-t4" name="aukaistaan kori">
<kw name="Open cart" library="Testi">
<kw name="Click Element" library="QWeb">
<arg>${elementti_xpath}</arg>
<tag>Interaction</tag>
<doc>Click element specified by xpath.</doc>
<status status="PASS" starttime="20211121 00:50:33.160" endtime="20211121 00:50:34.213"/>
</kw>
<status status="PASS" starttime="20211121 00:50:33.160" endtime="20211121 00:50:34.213"/>
</kw>
<status status="PASS" starttime="20211121 00:50:33.160" endtime="20211121 00:50:34.213"/>
</test>
<test id="s1-t5" name="Checkout">
<kw name="Checkout" library="Testi">
<kw name="Click Text" library="QWeb">
<arg>CHECKOUT</arg>
<tag>Interaction</tag>
<tag>Text</tag>
<doc>Click text on web page.</doc>
<status status="PASS" starttime="20211121 00:50:34.215" endtime="20211121 00:50:35.261"/>
</kw>
<kw name="Type Text" library="QWeb">
<arg>first-name</arg>
<arg>Kalevi</arg>
<tag>Input</tag>
<tag>Interaction</tag>
<doc>Type given text to a text field.</doc>
<status status="PASS" starttime="20211121 00:50:35.261" endtime="20211121 00:50:36.337"/>
</kw>
<kw name="Type Text" library="QWeb">
<arg>last-name</arg>
<arg>Pottu</arg>
<tag>Input</tag>
<tag>Interaction</tag>
<doc>Type given text to a text field.</doc>
<status status="PASS" starttime="20211121 00:50:36.337" endtime="20211121 00:50:37.412"/>
</kw>
<kw name="Type Text" library="QWeb">
<arg>postal-code</arg>
<arg>32323</arg>
<tag>Input</tag>
<tag>Interaction</tag>
<doc>Type given text to a text field.</doc>
<status status="PASS" starttime="20211121 00:50:37.412" endtime="20211121 00:50:38.483"/>
</kw>
<kw name="Click Text" library="QWeb">
<arg>CONTINUE</arg>
<tag>Interaction</tag>
<tag>Text</tag>
<doc>Click text on web page.</doc>
<status status="PASS" starttime="20211121 00:50:38.483" endtime="20211121 00:50:39.535"/>
</kw>
<kw name="Click Text" library="QWeb">
<arg>FINISH</arg>
<tag>Interaction</tag>
<tag>Text</tag>
<doc>Click text on web page.</doc>
<status status="PASS" starttime="20211121 00:50:39.535" endtime="20211121 00:50:40.585"/>
</kw>
<status status="PASS" starttime="20211121 00:50:34.214" endtime="20211121 00:50:40.585"/>
</kw>
<status status="PASS" starttime="20211121 00:50:34.214" endtime="20211121 00:50:40.585"/>
</test>
<kw name="Close All Browsers" library="QWeb" type="TEARDOWN">
<tag>Browser</tag>
<tag>Interaction</tag>
<doc>Close all opened browsers.</doc>
<msg timestamp="20211121 00:50:43.761" level="INFO">${BROWSER_REUSE} = False</msg>
<status status="PASS" starttime="20211121 00:50:40.586" endtime="20211121 00:50:43.762"/>
</kw>
<status status="PASS" starttime="20211121 00:50:23.856" endtime="20211121 00:50:43.762"/>
</suite>
<statistics>
<total>
<stat pass="5" fail="0" skip="0">All Tests</stat>
</total>
<tag>
</tag>
<suite>
<stat pass="5" fail="0" skip="0" id="s1" name="Testi">Testi</stat>
</suite>
</statistics>
<errors>
</errors>
</robot>
